<?xml version="1.0" encoding="UTF-8"?>
<testsuite xmlns:xsi="http://www.w3.org/2001/XMLSchema-instance" xsi:noNamespaceSchemaLocation="https://maven.apache.org/surefire/maven-surefire-plugin/xsd/surefire-test-report.xsd" version="3.0.2" name="com.shelflife.backend.link.LinkServiceTest" time="1.922" tests="12" errors="0" skipped="0" failures="0">
  <properties>
[...]
</properties>
  <testcase name="rejectsASingleLabelHostWithNoDot" classname="com.shelflife.backend.link.LinkServiceTest" time="0.027">
    <system-out><![CDATA[2026-07-03T13:33:02.951+02:00  INFO 10824 --- [           main] t.c.s.AnnotationConfigContextLoaderUtils : Could not detect default configuration classes for test class [com.shelflife.backend.link.LinkServiceTest]: LinkServiceTest does not declare any static, non-private, non-final, nested classes annotated with @Configuration.
2026-07-03T13:33:02.963+02:00  INFO 10824 --- [           main] .b.t.c.SpringBootTestContextBootstrapper : Found @SpringBootConfiguration com.shelflife.backend.BackendApplication for test class com.shelflife.backend.link.LinkServiceTest

  .   ____          _            __ _ _
 /\\ / ___'_ __ _ _(_)_ __  __ _ \ \ \ \
( ( )\___ | '_ | '_| | '_ \/ _` | \ \ \ \
 \\/  ___)| |_)| | | | | || (_| |  ) ) ) )
  '  |____| .__|_| |_|_| |_\__, | / / / /
 =========|_|==============|___/=/_/_/_/

 :: Spring Boot ::                (v3.5.0)

2026-07-03T13:33:03.157+02:00  INFO 10824 --- [           main] c.s.backend.link.LinkServiceTest         : Starting LinkServiceTest using Java 21.0.1 with PID 10824 (started by AnaMarija in D:\Spec-Driven Project\ShelfLife\backend)
2026-07-03T13:33:03.158+02:00  INFO 10824 --- [           main] c.s.backend.link.LinkServiceTest         : No active profile set, falling back to 1 default profile: "default"
2026-07-03T13:33:03.814+02:00  INFO 10824 --- [           main] .s.d.r.c.RepositoryConfigurationDelegate : Bootstrapping Spring Data JPA repositories in DEFAULT mode.
2026-07-03T13:33:03.837+02:00  INFO 10824 --- [           main] .s.d.r.c.RepositoryConfigurationDelegate : Finished Spring Data repository scanning in 19 ms. Found 1 JPA repository interface.
2026-07-03T13:33:04.068+02:00  INFO 10824 --- [           main] o.hibernate.jpa.internal.util.LogHelper  : HHH000204: Processing PersistenceUnitInfo [name: default]
2026-07-03T13:33:04.079+02:00  INFO 10824 --- [           main] o.h.c.internal.RegionFactoryInitiator    : HHH000026: Second-level cache disabled
2026-07-03T13:33:04.108+02:00  INFO 10824 --- [           main] o.s.o.j.p.SpringPersistenceUnitInfo      : No LoadTimeWeaver setup: ignoring JPA class transformer
2026-07-03T13:33:04.109+02:00  INFO 10824 --- [           main] com.zaxxer.hikari.HikariDataSource       : HikariPool-2 - Starting...
2026-07-03T13:33:04.112+02:00  INFO 10824 --- [           main] com.zaxxer.hikari.pool.HikariPool        : HikariPool-2 - Added connection conn10: url=jdbc:h2:mem:shelflife-test user=SA
2026-07-03T13:33:04.112+02:00  INFO 10824 --- [           main] com.zaxxer.hikari.HikariDataSource       : HikariPool-2 - Start completed.
2026-07-03T13:33:04.113+02:00  INFO 10824 --- [           main] org.hibernate.orm.connections.pooling    : HHH10001005: Database info:
	Database JDBC URL [Connecting through datasource 'HikariDataSource (HikariPool-2)']
	Database driver: undefined/unknown
	Database version: 2.3.232
	Autocommit mode: undefined/unknown
	Isolation level: undefined/unknown
	Minimum pool size: undefined/unknown
	Maximum pool size: undefined/unknown
2026-07-03T13:33:04.173+02:00  INFO 10824 --- [           main] o.h.e.t.j.p.i.JtaPlatformInitiator       : HHH000489: No JTA platform available (set 'hibernate.transaction.jta.platform' to enable JTA platform integration)
2026-07-03T13:33:04.187+02:00  INFO 10824 --- [           main] j.LocalContainerEntityManagerFactoryBean : Initialized JPA EntityManagerFactory for persistence unit 'default'
2026-07-03T13:33:04.318+02:00  WARN 10824 --- [           main] JpaBaseConfiguration$JpaWebConfiguration : spring.jpa.open-in-view is enabled by default. Therefore, database queries may be performed during view rendering. Explicitly configure spring.jpa.open-in-view to disable this warning
2026-07-03T13:33:04.592+02:00  INFO 10824 --- [           main] c.s.backend.link.LinkServiceTest         : Started LinkServiceTest in 1.612 seconds (process running for 18.2)
]]></system-out>
  </testcase>
  <testcase name="allowsSubmittingTheSameUrlTwiceAsIndependentLinks" classname="com.shelflife.backend.link.LinkServiceTest" time="0.051"/>
  <testcase name="rejectsInputThatIsNotAValidUrlEvenAfterSchemeNormalization" classname="com.shelflife.backend.link.LinkServiceTest" time="0.012"/>
  <testcase name="linkAt167Hours59MinutesIsStillActive" classname="com.shelflife.backend.link.LinkServiceTest" time="0.03"/>
  <testcase name="normalizesAUrlMissingASchemeByPrependingHttps" classname="com.shelflife.backend.link.LinkServiceTest" time="0.021"/>
  <testcase name="linkAtExactly168HoursIsExcluded" classname="com.shelflife.backend.link.LinkServiceTest" time="0.023"/>
  <testcase name="acceptsAMultiPartTopLevelDomainHost" classname="com.shelflife.backend.link.LinkServiceTest" time="0.017"/>
  <testcase name="linkAt168Hours1MinuteIsExcluded" classname="com.shelflife.backend.link.LinkServiceTest" time="0.013"/>
  <testcase name="rejectsLocalhostAsASingleLabelHost" classname="com.shelflife.backend.link.LinkServiceTest" time="0.009"/>
  <testcase name="rejectsBlankInput" classname="com.shelflife.backend.link.LinkServiceTest" time="0.009"/>
  <testcase name="savesAValidUrlWithComputedExpiryExactly168HoursLater" classname="com.shelflife.backend.link.LinkServiceTest" time="0.017"/>
  <testcase name="acceptsAMultiLabelHost" classname="com.shelflife.backend.link.LinkServiceTest" time="0.01"/>
</testsuite>