<?xml version="1.0" encoding="UTF-8"?>
<testsuite xmlns:xsi="http://www.w3.org/2001/XMLSchema-instance" xsi:noNamespaceSchemaLocation="https://maven.apache.org/surefire/maven-surefire-plugin/xsd/surefire-test-report.xsd" version="3.0.2" name="com.shelflife.backend.link.LinkRepositoryTest" time="1.388" tests="5" errors="0" skipped="0" failures="0">
  <properties>
[...]
</properties>
  <testcase name="excludesALinkAtExactly167Hours59MinutesBoundaryCorrectly" classname="com.shelflife.backend.link.LinkRepositoryTest" time="0.085">
    <system-out><![CDATA[2026-07-03T00:40:43.829+02:00  INFO 12484 --- [           main] t.c.s.AnnotationConfigContextLoaderUtils : Could not detect default configuration classes for test class [com.shelflife.backend.link.LinkRepositoryTest]: LinkRepositoryTest does not declare any static, non-private, non-final, nested classes annotated with @Configuration.
2026-07-03T00:40:43.876+02:00  INFO 12484 --- [           main] .b.t.c.SpringBootTestContextBootstrapper : Found @SpringBootConfiguration com.shelflife.backend.BackendApplication for test class com.shelflife.backend.link.LinkRepositoryTest

  .   ____          _            __ _ _
 /\\ / ___'_ __ _ _(_)_ __  __ _ \ \ \ \
( ( )\___ | '_ | '_| | '_ \/ _` | \ \ \ \
 \\/  ___)| |_)| | | | | || (_| |  ) ) ) )
  '  |____| .__|_| |_|_| |_\__, | / / / /
 =========|_|==============|___/=/_/_/_/

 :: Spring Boot ::                (v3.5.0)

2026-07-03T00:40:44.130+02:00  INFO 12484 --- [           main] c.s.backend.link.LinkRepositoryTest      : Starting LinkRepositoryTest using Java 21.0.1 with PID 12484 (started by AnaMarija in D:\Spec-Driven Project\ShelfLife\backend)
2026-07-03T00:40:44.130+02:00  INFO 12484 --- [           main] c.s.backend.link.LinkRepositoryTest      : No active profile set, falling back to 1 default profile: "default"
2026-07-03T00:40:44.416+02:00  INFO 12484 --- [           main] .s.d.r.c.RepositoryConfigurationDelegate : Bootstrapping Spring Data JPA repositories in DEFAULT mode.
2026-07-03T00:40:44.440+02:00  INFO 12484 --- [           main] .s.d.r.c.RepositoryConfigurationDelegate : Finished Spring Data repository scanning in 21 ms. Found 1 JPA repository interface.
2026-07-03T00:40:44.505+02:00  INFO 12484 --- [           main] beddedDataSourceBeanFactoryPostProcessor : Replacing 'dataSource' DataSource bean with embedded version
2026-07-03T00:40:44.612+02:00  INFO 12484 --- [           main] o.s.j.d.e.EmbeddedDatabaseFactory        : Starting embedded database: url='jdbc:h2:mem:a62b58ec-9b29-4754-b607-4f38eb427d09;DB_CLOSE_DELAY=-1;DB_CLOSE_ON_EXIT=false', username='sa'
2026-07-03T00:40:44.706+02:00  INFO 12484 --- [           main] o.hibernate.jpa.internal.util.LogHelper  : HHH000204: Processing PersistenceUnitInfo [name: default]
2026-07-03T00:40:44.713+02:00  INFO 12484 --- [           main] o.h.c.internal.RegionFactoryInitiator    : HHH000026: Second-level cache disabled
2026-07-03T00:40:44.743+02:00  INFO 12484 --- [           main] o.s.o.j.p.SpringPersistenceUnitInfo      : No LoadTimeWeaver setup: ignoring JPA class transformer
2026-07-03T00:40:44.749+02:00  INFO 12484 --- [           main] org.hibernate.orm.connections.pooling    : HHH10001005: Database info:
	Database JDBC URL [Connecting through datasource 'org.springframework.jdbc.datasource.embedded.EmbeddedDatabaseFactory$EmbeddedDataSourceProxy@652855c4']
	Database driver: undefined/unknown
	Database version: 2.3.232
	Autocommit mode: undefined/unknown
	Isolation level: undefined/unknown
	Minimum pool size: undefined/unknown
	Maximum pool size: undefined/unknown
2026-07-03T00:40:44.818+02:00  INFO 12484 --- [           main] o.h.e.t.j.p.i.JtaPlatformInitiator       : HHH000489: No JTA platform available (set 'hibernate.transaction.jta.platform' to enable JTA platform integration)
Hibernate: drop table if exists links cascade 
Hibernate: create table links (expires_at timestamp(6) with time zone not null, id bigint generated by default as identity, saved_at timestamp(6) with time zone not null, url varchar(2048) not null, primary key (id))
Hibernate: create index idx_link_expires_at on links (expires_at)
2026-07-03T00:40:44.827+02:00  INFO 12484 --- [           main] j.LocalContainerEntityManagerFactoryBean : Initialized JPA EntityManagerFactory for persistence unit 'default'
2026-07-03T00:40:44.926+02:00  INFO 12484 --- [           main] c.s.backend.link.LinkRepositoryTest      : Started LinkRepositoryTest in 1.031 seconds (process running for 17.387)
Hibernate: insert into links (expires_at,saved_at,url,id) values (?,?,?,default)
Hibernate: select l1_0.id,l1_0.expires_at,l1_0.saved_at,l1_0.url from links l1_0 where l1_0.expires_at>? order by l1_0.expires_at
]]></system-out>
  </testcase>
  <testcase name="excludesALinkPastThe168HourBoundary" classname="com.shelflife.backend.link.LinkRepositoryTest" time="0.024">
    <system-out><![CDATA[Hibernate: insert into links (expires_at,saved_at,url,id) values (?,?,?,default)
Hibernate: select l1_0.id,l1_0.expires_at,l1_0.saved_at,l1_0.url from links l1_0 where l1_0.expires_at>? order by l1_0.expires_at
]]></system-out>
  </testcase>
  <testcase name="ordersMultipleActiveLinksBySoonestToExpireFirst" classname="com.shelflife.backend.link.LinkRepositoryTest" time="0.026">
    <system-out><![CDATA[Hibernate: insert into links (expires_at,saved_at,url,id) values (?,?,?,default)
Hibernate: insert into links (expires_at,saved_at,url,id) values (?,?,?,default)
Hibernate: insert into links (expires_at,saved_at,url,id) values (?,?,?,default)
Hibernate: select l1_0.id,l1_0.expires_at,l1_0.saved_at,l1_0.url from links l1_0 where l1_0.expires_at>? order by l1_0.expires_at
]]></system-out>
  </testcase>
  <testcase name="excludesALinkAtExactlyThe168HourBoundary" classname="com.shelflife.backend.link.LinkRepositoryTest" time="0.02">
    <system-out><![CDATA[Hibernate: insert into links (expires_at,saved_at,url,id) values (?,?,?,default)
Hibernate: select l1_0.id,l1_0.expires_at,l1_0.saved_at,l1_0.url from links l1_0 where l1_0.expires_at>? order by l1_0.expires_at
]]></system-out>
  </testcase>
  <testcase name="anExpiredLinksRecordRemainsUnmodifiedInStorageAfterBeingExcluded" classname="com.shelflife.backend.link.LinkRepositoryTest" time="0.081">
    <system-out><![CDATA[Hibernate: insert into links (expires_at,saved_at,url,id) values (?,?,?,default)
Hibernate: select l1_0.id,l1_0.expires_at,l1_0.saved_at,l1_0.url from links l1_0 where l1_0.expires_at>? order by l1_0.expires_at
]]></system-out>
  </testcase>
</testsuite>